TN:
SF:all.js
FNF:0
FNH:0
DA:1,1
DA:3,1
LF:2
LH:2
BRF:0
BRH:0
end_of_record
TN:
SF:input.js
FN:9,filterName
FNF:1
FNH:1
FNDA:4,filterName
DA:10,4
DA:11,1
DA:14,4
DA:15,1
DA:18,4
DA:19,1
DA:22,4
DA:23,1
DA:25,4
DA:28,1
LF:10
LH:10
BRDA:10,0,0,1
BRDA:10,0,1,3
BRDA:10,1,0,4
BRDA:10,1,1,4
BRDA:14,2,0,1
BRDA:14,2,1,3
BRDA:14,3,0,4
BRDA:14,3,1,3
BRDA:18,4,0,1
BRDA:18,4,1,3
BRDA:22,5,0,1
BRDA:22,5,1,3
BRF:12
BRH:12
end_of_record
TN:
SF:mock.js
FN:1,mocker
FNF:1
FNH:0
FNDA:0,mocker
DA:2,0
DA:5,1
LF:2
LH:1
BRF:0
BRH:0
end_of_record
TN:
SF:say.js
FN:1,sayHello
FNF:1
FNH:1
FNDA:1,sayHello
DA:2,1
DA:5,1
LF:2
LH:2
BRF:0
BRH:0
end_of_record
TN:
SF:sum.js
FN:1,(anonymous_0)
FN:2,(anonymous_1)
FNF:2
FNH:2
FNDA:5,(anonymous_0)
FNDA:12,(anonymous_1)
DA:1,1
DA:2,12
DA:5,1
LF:3
LH:3
BRF:0
BRH:0
end_of_record
